#
# There is insufficient memory for the Java Runtime Environment to continue.
# Native memory allocation (mmap) failed to map 121634816 bytes for G1 virtual space
# Possible reasons:
#   The system is out of physical RAM or swap space
#   The process is running with CompressedOops enabled, and the Java Heap may be blocking the growth of the native heap
# Possible solutions:
#   Reduce memory load on the system
#   Increase physical memory or swap space
#   Check if swap backing store is full
#   Decrease Java heap size (-Xmx/-Xms)
#   Decrease number of Java threads
#   Decrease Java thread stack sizes (-Xss)
#   Set larger code cache with -XX:ReservedCodeCacheSize=
#   JVM is running with Unscaled Compressed Oops mode in which the Java heap is
#     placed in the first 4GB address space. The Java Heap base address is the
#     maximum limit for the native heap growth. Please use -XX:HeapBaseMinAddress
#     to set the Java Heap base and to place the Java Heap above 4GB virtual address.
# This output file may be truncated or incomplete.
#
#  Out of Memory Error (os_windows.cpp:3550), pid=5264, tid=34252
#
# JRE version:  (17.0.8+9) (build )
# Java VM: Java HotSpot(TM) 64-Bit Server VM (17.0.8+9-LTS-211, mixed mode, sharing, tiered, compressed oops, compressed class ptrs, g1 gc, windows-amd64)
# No core dump will be written. Minidumps are not enabled by default on client versions of Windows
#

---------------  S U M M A R Y ------------

Command Line: -javaagent:C:\Program Files\JetBrains\IntelliJ IDEA Community Edition 2023.2.2\lib\idea_rt.jar=49282:C:\Program Files\JetBrains\IntelliJ IDEA Community Edition 2023.2.2\bin -Dfile.encoding=UTF-8 mercado.alves.api.ApiApplication

Host: AMD Ryzen 5 6600H with Radeon Graphics         , 12 cores, 7G,  Windows 11 , 64 bit Build 22621 (10.0.22621.2215)
Time: Mon Oct  9 12:18:03 2023 Eastern Daylight Time elapsed time: 0.027341 seconds (0d 0h 0m 0s)

---------------  T H R E A D  ---------------

Current thread (0x00000251c3b442f0):  JavaThread "Unknown thread" [_thread_in_vm, id=34252, stack(0x0000008f2c200000,0x0000008f2c300000)]

Stack: [0x0000008f2c200000,0x0000008f2c300000]
Native frames: (J=compiled Java code, j=interpreted, Vv=VM code, C=native code)
V  [jvm.dll+0x677d0a]
V  [jvm.dll+0x7d8c54]
V  [jvm.dll+0x7da3fe]
V  [jvm.dll+0x7daa63]
V  [jvm.dll+0x245c5f]
V  [jvm.dll+0x674bb9]
V  [jvm.dll+0x6694f2]
V  [jvm.dll+0x3031d6]
V  [jvm.dll+0x30a756]
V  [jvm.dll+0x359f9e]
V  [jvm.dll+0x35a1cf]
V  [jvm.dll+0x2da3e8]
V  [jvm.dll+0x2db354]
V  [jvm.dll+0x7aa711]
V  [jvm.dll+0x367b51]
V  [jvm.dll+0x789979]
V  [jvm.dll+0x3eb05f]
V  [jvm.dll+0x3ecae1]
C  [jli.dll+0x5297]
C  [ucrtbase.dll+0x29363]
C  [KERNEL32.DLL+0x1257d]
C  [ntdll.dll+0x5aa68]


---------------  P R O C E S S  ---------------

Threads class SMR info:
_java_thread_list=0x00007ffdcb0959d8, length=0, elements={
}

Java Threads: ( => current thread )

Other Threads:
  0x00000251c3b9ac70 GCTaskThread "GC Thread#0" [stack: 0x0000008f2c300000,0x0000008f2c400000] [id=26852]
  0x00000251c3baa370 ConcurrentGCThread "G1 Main Marker" [stack: 0x0000008f2c400000,0x0000008f2c500000] [id=25692]
  0x00000251c3baad80 ConcurrentGCThread "G1 Conc#0" [stack: 0x0000008f2c500000,0x0000008f2c600000] [id=35388]

[error occurred during error reporting (printing all threads), id 0xc0000005, EXCEPTION_ACCESS_VIOLATION (0xc0000005) at pc=0x00007ffdca8cb047]

VM state: not at safepoint (not fully initialized)

VM Mutex/Monitor currently owned by a thread:  ([mutex/lock_event])
[0x00000251c3b3fac0] Heap_lock - owner thread: 0x00000251c3b442f0

Heap address: 0x000000008c200000, size: 1854 MB, Compressed Oops mode: 32-bit

CDS archive(s) mapped at: [0x0000000000000000-0x0000000000000000-0x0000000000000000), size 0, SharedBaseAddress: 0x0000000800000000, ArchiveRelocationMode: 1.
Narrow klass base: 0x0000000000000000, Narrow klass shift: 0, Narrow klass range: 0x0

GC Precious Log:
<Empty>

Heap:
 garbage-first heap   total 0K, used 0K [0x000000008c200000, 0x0000000100000000)
  region size 1024K, 0 young (0K), 0 survivors (0K)

[error occurred during error reporting (printing heap information), id 0xc0000005, EXCEPTION_ACCESS_VIOLATION (0xc0000005) at pc=0x00007ffdcacb1499]

GC Heap History (0 events):
No events

Deoptimization events (0 events):
No events

Classes unloaded (0 events):
No events

Classes redefined (0 events):
No events

Internal exceptions (0 events):
No events

VM Operations (0 events):
No events

Events (1 events):
Event: 0.019 Loaded shared library C:\Program Files\Java\jdk-17\bin\java.dll


Dynamic libraries:
0x00007ff732430000 - 0x00007ff732440000 	C:\Program Files\Java\jdk-17\bin\java.exe
0x00007ffed8c50000 - 0x00007ffed8e64000 	C:\WINDOWS\SYSTEM32\ntdll.dll
0x00007ffed7470000 - 0x00007ffed7534000 	C:\WINDOWS\System32\KERNEL32.DLL
0x00007ffed6340000 - 0x00007ffed66e4000 	C:\WINDOWS\System32\KERNELBASE.dll
0x00007ffed61f0000 - 0x00007ffed6301000 	C:\WINDOWS\System32\ucrtbase.dll
0x00007ffea11a0000 - 0x00007ffea11bb000 	C:\Program Files\Java\jdk-17\bin\VCRUNTIME140.dll
0x00007ffea11c0000 - 0x00007ffea11d9000 	C:\Program Files\Java\jdk-17\bin\jli.dll
0x00007ffed7ae0000 - 0x00007ffed7b90000 	C:\WINDOWS\System32\ADVAPI32.dll
0x00007ffed8ae0000 - 0x00007ffed8b87000 	C:\WINDOWS\System32\msvcrt.dll
0x00007ffed6a90000 - 0x00007ffed6b36000 	C:\WINDOWS\System32\sechost.dll
0x00007ffed79b0000 - 0x00007ffed7ac7000 	C:\WINDOWS\System32\RPCRT4.dll
0x00007ffed72c0000 - 0x00007ffed746e000 	C:\WINDOWS\System32\USER32.dll
0x00007ffed6310000 - 0x00007ffed6336000 	C:\WINDOWS\System32\win32u.dll
0x00007ffed69e0000 - 0x00007ffed6a09000 	C:\WINDOWS\System32\GDI32.dll
0x00007ffec2890000 - 0x00007ffec2b23000 	C:\WINDOWS\WinSxS\amd64_microsoft.windows.common-controls_6595b64144ccf1df_6.0.22621.2215_none_270d72677387dfc3\COMCTL32.dll
0x00007ffed66f0000 - 0x00007ffed6808000 	C:\WINDOWS\System32\gdi32full.dll
0x00007ffed6940000 - 0x00007ffed69da000 	C:\WINDOWS\System32\msvcp_win.dll
0x00007ffecc650000 - 0x00007ffecc65a000 	C:\WINDOWS\SYSTEM32\VERSION.dll
0x00007ffed7970000 - 0x00007ffed79a1000 	C:\WINDOWS\System32\IMM32.DLL
0x00007ffebd070000 - 0x00007ffebd07c000 	C:\Program Files\Java\jdk-17\bin\vcruntime140_1.dll
0x00007ffe80a10000 - 0x00007ffe80a9e000 	C:\Program Files\Java\jdk-17\bin\msvcp140.dll
0x00007ffdca5e0000 - 0x00007ffdcb1be000 	C:\Program Files\Java\jdk-17\bin\server\jvm.dll
0x00007ffed7ad0000 - 0x00007ffed7ad8000 	C:\WINDOWS\System32\PSAPI.DLL
0x00007ffecddd0000 - 0x00007ffecde04000 	C:\WINDOWS\SYSTEM32\WINMM.dll
0x00007ffeabea0000 - 0x00007ffeabea9000 	C:\WINDOWS\SYSTEM32\WSOCK32.dll
0x00007ffed6a10000 - 0x00007ffed6a81000 	C:\WINDOWS\System32\WS2_32.dll
0x00007ffed5140000 - 0x00007ffed5158000 	C:\WINDOWS\SYSTEM32\kernel.appcore.dll
0x00007ffeb30e0000 - 0x00007ffeb30ea000 	C:\Program Files\Java\jdk-17\bin\jimage.dll
0x00007ffec7e70000 - 0x00007ffec809e000 	C:\WINDOWS\SYSTEM32\DBGHELP.DLL
0x00007ffed6f30000 - 0x00007ffed72ba000 	C:\WINDOWS\System32\combase.dll
0x00007ffed6da0000 - 0x00007ffed6e77000 	C:\WINDOWS\System32\OLEAUT32.dll
0x00007ffeca4a0000 - 0x00007ffeca4d2000 	C:\WINDOWS\SYSTEM32\dbgcore.DLL
0x00007ffed6170000 - 0x00007ffed61ea000 	C:\WINDOWS\System32\bcryptPrimitives.dll
0x00007ffed1220000 - 0x00007ffed122e000 	C:\Program Files\Java\jdk-17\bin\instrument.dll
0x00007ffea0780000 - 0x00007ffea07a5000 	C:\Program Files\Java\jdk-17\bin\java.dll

dbghelp: loaded successfully - version: 4.0.5 - missing functions: none
symbol engine: initialized successfully - sym options: 0x614 - pdb path: .;C:\Program Files\Java\jdk-17\bin;C:\WINDOWS\SYSTEM32;C:\WINDOWS\WinSxS\amd64_microsoft.windows.common-controls_6595b64144ccf1df_6.0.22621.2215_none_270d72677387dfc3;C:\Program Files\Java\jdk-17\bin\server

VM Arguments:
jvm_args: -javaagent:C:\Program Files\JetBrains\IntelliJ IDEA Community Edition 2023.2.2\lib\idea_rt.jar=49282:C:\Program Files\JetBrains\IntelliJ IDEA Community Edition 2023.2.2\bin -Dfile.encoding=UTF-8 
java_command: mercado.alves.api.ApiApplication
java_class_path (initial): C:\Users\rvaz2\Documents\TCC_PUC\APIMercado\api\target\classes;C:\Users\rvaz2\.m2\repository\org\springframework\boot\spring-boot-starter-web\3.0.12-SNAPSHOT\spring-boot-starter-web-3.0.12-20231005.134628-34.jar;C:\Users\rvaz2\.m2\repository\org\springframework\boot\spring-boot-starter\3.0.12-SNAPSHOT\spring-boot-starter-3.0.12-20231005.134628-34.jar;C:\Users\rvaz2\.m2\repository\org\springframework\boot\spring-boot-starter-logging\3.0.12-SNAPSHOT\spring-boot-starter-logging-3.0.12-20231005.134628-34.jar;C:\Users\rvaz2\.m2\repository\ch\qos\logback\logback-classic\1.4.11\logback-classic-1.4.11.jar;C:\Users\rvaz2\.m2\repository\ch\qos\logback\logback-core\1.4.11\logback-core-1.4.11.jar;C:\Users\rvaz2\.m2\repository\org\apache\logging\log4j\log4j-to-slf4j\2.19.0\log4j-to-slf4j-2.19.0.jar;C:\Users\rvaz2\.m2\repository\org\apache\logging\log4j\log4j-api\2.19.0\log4j-api-2.19.0.jar;C:\Users\rvaz2\.m2\repository\org\slf4j\jul-to-slf4j\2.0.9\jul-to-slf4j-2.0.9.jar;C:\Users\rvaz2\.m2\repository\jakarta\annotation\jakarta.annotation-api\2.1.1\jakarta.annotation-api-2.1.1.jar;C:\Users\rvaz2\.m2\repository\org\yaml\snakeyaml\1.33\snakeyaml-1.33.jar;C:\Users\rvaz2\.m2\repository\org\springframework\boot\spring-boot-starter-json\3.0.12-SNAPSHOT\spring-boot-starter-json-3.0.12-20231005.134628-34.jar;C:\Users\rvaz2\.m2\repository\com\fasterxml\jackson\core\jackson-databind\2.14.3\jackson-databind-2.14.3.jar;C:\Users\rvaz2\.m2\repository\com\fasterxml\jackson\core\jackson-annotations\2.14.3\jackson-annotations-2.14.3.jar;C:\Users\rvaz2\.m2\repository\com\fasterxml\jackson\core\jackson-core\2.14.3\jackson-core-2.14.3.jar;C:\Users\rvaz2\.m2\repository\com\fasterxml\jackson\datatype\jackson-datatype-jdk8\2.14.3\jackson-datatype-jdk8-2.14.3.jar;C:\Users\rvaz2\.m2\repository\com\fasterxml\jackson\datatype\jackson-datatype-jsr310\2.14.3\jackson-datatype-jsr310-2.14.3.jar;C:\Users\rvaz2\.m2\repository\com\fasterxml\jackson\module\jackson-module-parameter-names
Launcher Type: SUN_STANDARD

[Global flags]
     intx CICompilerCount                          = 4                                         {product} {ergonomic}
     uint ConcGCThreads                            = 3                                         {product} {ergonomic}
     uint G1ConcRefinementThreads                  = 10                                        {product} {ergonomic}
   size_t G1HeapRegionSize                         = 1048576                                   {product} {ergonomic}
    uintx GCDrainStackTargetSize                   = 64                                        {product} {ergonomic}
   size_t InitialHeapSize                          = 121634816                                 {product} {ergonomic}
   size_t MarkStackSize                            = 4194304                                   {product} {ergonomic}
   size_t MaxHeapSize                              = 1944059904                                {product} {ergonomic}
   size_t MinHeapDeltaBytes                        = 1048576                                   {product} {ergonomic}
   size_t MinHeapSize                              = 8388608                                   {product} {ergonomic}
    uintx NonNMethodCodeHeapSize                   = 5839372                                {pd product} {ergonomic}
    uintx NonProfiledCodeHeapSize                  = 122909434                              {pd product} {ergonomic}
    uintx ProfiledCodeHeapSize                     = 122909434                              {pd product} {ergonomic}
    uintx ReservedCodeCacheSize                    = 251658240                              {pd product} {ergonomic}
     bool SegmentedCodeCache                       = true                                      {product} {ergonomic}
   size_t SoftMaxHeapSize                          = 1944059904                             {manageable} {ergonomic}
     bool UseCompressedClassPointers               = true                           {product lp64_product} {ergonomic}
     bool UseCompressedOops                        = true                           {product lp64_product} {ergonomic}
     bool UseG1GC                                  = true                                      {product} {ergonomic}
     bool UseLargePagesIndividualAllocation        = false                                  {pd product} {ergonomic}

Logging:
Log output configuration:
 #0: stdout all=warning uptime,level,tags
 #1: stderr all=off uptime,level,tags

Environment Variables:
JAVA_HOME=C:\Program Files\Java\jdk-17
CLASSPATH=C:\Program Files\Java\jdk-17\lib\*.jar
PATH=C:\Program Files\Microsoft SDKs\Azure\CLI2\wbin;C:\Program Files\Common Files\Oracle\Java\javapath;C:\Python311\Scripts\;C:\Python311\;C:\Windows\system32;C:\Windows;C:\Windows\System32\Wbem;C:\Windows\System32\WindowsPowerShell\v1.0\;C:\Windows\System32\OpenSSH\;C:\Program Files\dotnet\;C:\Program Files (x86)\NVIDIA Corporation\PhysX\Common;C:\Program Files\NVIDIA Corporation\NVIDIA NvDLISR;C:\Program Files (x86)\dotnet\;C:\ProgramData\chocolatey\bin;C:\WINDOWS\system32;C:\WINDOWS;C:\WINDOWS\System32\Wbem;C:\WINDOWS\System32\WindowsPowerShell\v1.0\;C:\WINDOWS\System32\OpenSSH\;C:\Program Files\Git\cmd;C:\Program Files (x86)\Microsoft SQL Server\160\Tools\Binn\;C:\Program Files\Microsoft SQL Server\160\Tools\Binn\;C:\Program Files\Microsoft SQL Server\Client SDK\ODBC\170\Tools\Binn\;C:\Program Files\Microsoft SQL Server\160\DTS\Binn\;C:\Program Files\Azure Data Studio\bin;C:\Program Files\nodejs\;C:\Program Files\apache-maven-3.9.2\bin;C:\Program Files\Java\jdk-17\bin;C:\Program Files\Microsoft\Azure Functions Core Tools\;C:\Program Files\MySQL\MySQL Shell 8.0\bin\;C:\Users\rvaz2\AppData\Local\Microsoft\WindowsApps;C:\Users\rvaz2\AppData\Local\Programs\Microsoft VS Code\bin;C:\Users\rvaz2\.dotnet\tools;C:\Users\rvaz2\AppData\Local\GitHubDesktop\bin;C:\Program Files\Azure Data Studio\bin;C:\Users\rvaz2\AppData\Roaming\npm;C:\Program Files\JetBrains\IntelliJ IDEA Community Edition 2023.2.2\bin;;C:\Program Files\heroku\bin
USERNAME=rvaz2
OS=Windows_NT
PROCESSOR_IDENTIFIER=AMD64 Family 25 Model 68 Stepping 1, AuthenticAMD



---------------  S Y S T E M  ---------------

OS:
 Windows 11 , 64 bit Build 22621 (10.0.22621.2215)
OS uptime: 1 days 14:21 hours

CPU: total 12 (initial active 12) (12 cores per cpu, 2 threads per core) family 25 model 68 stepping 1 microcode 0x0, cx8, cmov, fxsr, ht, mmx, 3dnowpref, sse, sse2, sse3, ssse3, sse4a, sse4.1, sse4.2, popcnt, lzcnt, tsc, tscinvbit, avx, avx2, aes, erms, clmul, bmi1, bmi2, adx, sha, fma, vzeroupper, clflush, clflushopt

Memory: 4k page, system-wide physical 7411M (242M free)
TotalPageFile size 29939M (AvailPageFile size 55M)
current process WorkingSet (physical memory assigned to process): 11M, peak: 11M
current process commit charge ("private bytes"): 64M, peak: 180M

vm_info: Java HotSpot(TM) 64-Bit Server VM (17.0.8+9-LTS-211) for windows-amd64 JRE (17.0.8+9-LTS-211), built on Jun 14 2023 10:34:31 by "mach5one" with MS VC++ 17.1 (VS2022)

END.
